{"C:\\Users\\Jonnathan Alegria\\Desktop\\CEUTEC\\SISTEMAS OPERATIVOS\\SEMANA 8\\Tarea6\\ci-pipeline-demo\\src\\mathUtils.js": {"path":"C:\\Users\\Jonnathan Alegria\\Desktop\\CEUTEC\\SISTEMAS OPERATIVOS\\SEMANA 8\\Tarea6\\ci-pipeline-demo\\src\\mathUtils.js","statementMap":{"0":{"start":{"line":7,"column":12},"end":{"line":9,"column":1}},"1":{"start":{"line":8,"column":4},"end":{"line":8,"column":17}},"2":{"start":{"line":17,"column":17},"end":{"line":19,"column":1}},"3":{"start":{"line":18,"column":4},"end":{"line":18,"column":17}},"4":{"start":{"line":28,"column":15},"end":{"line":33,"column":1}},"5":{"start":{"line":29,"column":4},"end":{"line":31,"column":5}},"6":{"start":{"line":30,"column":8},"end":{"line":30,"column":56}},"7":{"start":{"line":32,"column":4},"end":{"line":32,"column":17}},"8":{"start":{"line":35,"column":0},"end":{"line":39,"column":2}}},"fnMap":{"0":{"name":"(anonymous_0)","decl":{"start":{"line":7,"column":12},"end":{"line":7,"column":13}},"loc":{"start":{"line":7,"column":22},"end":{"line":9,"column":1}},"line":7},"1":{"name":"(anonymous_1)","decl":{"start":{"line":17,"column":17},"end":{"line":17,"column":18}},"loc":{"start":{"line":17,"column":27},"end":{"line":19,"column":1}},"line":17},"2":{"name":"(anonymous_2)","decl":{"start":{"line":28,"column":15},"end":{"line":28,"column":16}},"loc":{"start":{"line":28,"column":25},"end":{"line":33,"column":1}},"line":28}},"branchMap":{"0":{"loc":{"start":{"line":29,"column":4},"end":{"line":31,"column":5}},"type":"if","locations":[{"start":{"line":29,"column":4},"end":{"line":31,"column":5}},{"start":{},"end":{}}],"line":29}},"s":{"0":1,"1":2,"2":1,"3":2,"4":1,"5":3,"6":1,"7":2,"8":1},"f":{"0":2,"1":2,"2":3},"b":{"0":[1,2]},"_coverageSchema":"1a1c01bbd47fc00a2c39e90264f33305004495a9","hash":"8bf372d26c4098f2c7765e4e4029fd4c4d6e3881"}
}
